ERROR - 2022-11-03 21:50:48 --> mysqli_sql_exception: Table 'codeigniter4_db.us' doesn't exist in C:\xampp\htdocs\Ci4_project\system\Database\MySQLi\Connection.php:292
Stack trace:
#0 C:\xampp\htdocs\Ci4_project\system\Database\MySQLi\Connection.php(292): mysqli->query('SELECT *\nFROM `...', 0)
#1 C:\xampp\htdocs\Ci4_project\system\Database\BaseConnection.php(666): CodeIgniter\Database\MySQLi\Connection->execute('SELECT *\nFROM `...')
#2 C:\xampp\htdocs\Ci4_project\system\Database\BaseConnection.php(593): CodeIgniter\Database\BaseConnection->simpleQuery('SELECT *\nFROM `...')
#3 C:\xampp\htdocs\Ci4_project\system\Database\BaseBuilder.php(1585): CodeIgniter\Database\BaseConnection->query('SELECT *\nFROM `...', Array, false)
#4 C:\xampp\htdocs\Ci4_project\system\Model.php(223): CodeIgniter\Database\BaseBuilder->get()
#5 C:\xampp\htdocs\Ci4_project\system\BaseModel.php(585): CodeIgniter\Model->doFindAll(0, 0)
#6 C:\xampp\htdocs\Ci4_project\app\Controllers\UserCRUD.php(14): CodeIgniter\BaseModel->findAll()
#7 C:\xampp\htdocs\Ci4_project\system\CodeIgniter.php(927): App\Controllers\UserCRUD->index()
#8 C:\xampp\htdocs\Ci4_project\system\CodeIgniter.php(482): CodeIgniter\CodeIgniter->runController(Object(App\Controllers\UserCRUD))
#9 C:\xampp\htdocs\Ci4_project\system\CodeIgniter.php(351): CodeIgniter\CodeIgniter->handleRequest(NULL, Object(Config\Cache), false)
#10 C:\xampp\htdocs\Ci4_project\public\index.php(67): CodeIgniter\CodeIgniter->run()
#11 {main}
CRITICAL - 2022-11-03 21:50:48 --> Call to a member function getResult() on bool
in SYSTEMPATH\Model.php on line 224.
 1 SYSTEMPATH\BaseModel.php(585): CodeIgniter\Model->doFindAll(0, 0)
 2 APPPATH\Controllers\UserCRUD.php(14): CodeIgniter\BaseModel->findAll()
 3 SYSTEMPATH\CodeIgniter.php(927): App\Controllers\UserCRUD->index()
 4 SYSTEMPATH\CodeIgniter.php(482): CodeIgniter\CodeIgniter->runController(Object(App\Controllers\UserCRUD))
 5 SYSTEMPATH\CodeIgniter.php(351): CodeIgniter\CodeIgniter->handleRequest(null, Object(Config\Cache), false)
 6 FCPATH\index.php(67): CodeIgniter\CodeIgniter->run()
ERROR - 2022-11-03 21:51:58 --> mysqli_sql_exception: Table 'codeigniter4_db.us' doesn't exist in C:\xampp\htdocs\Ci4_project\system\Database\MySQLi\Connection.php:292
Stack trace:
#0 C:\xampp\htdocs\Ci4_project\system\Database\MySQLi\Connection.php(292): mysqli->query('SELECT *\nFROM `...', 0)
#1 C:\xampp\htdocs\Ci4_project\system\Database\BaseConnection.php(666): CodeIgniter\Database\MySQLi\Connection->execute('SELECT *\nFROM `...')
#2 C:\xampp\htdocs\Ci4_project\system\Database\BaseConnection.php(593): CodeIgniter\Database\BaseConnection->simpleQuery('SELECT *\nFROM `...')
#3 C:\xampp\htdocs\Ci4_project\system\Database\BaseBuilder.php(1585): CodeIgniter\Database\BaseConnection->query('SELECT *\nFROM `...', Array, false)
#4 C:\xampp\htdocs\Ci4_project\system\Model.php(223): CodeIgniter\Database\BaseBuilder->get()
#5 C:\xampp\htdocs\Ci4_project\system\BaseModel.php(585): CodeIgniter\Model->doFindAll(0, 0)
#6 C:\xampp\htdocs\Ci4_project\app\Controllers\UserCRUD.php(14): CodeIgniter\BaseModel->findAll()
#7 C:\xampp\htdocs\Ci4_project\system\CodeIgniter.php(927): App\Controllers\UserCRUD->index()
#8 C:\xampp\htdocs\Ci4_project\system\CodeIgniter.php(482): CodeIgniter\CodeIgniter->runController(Object(App\Controllers\UserCRUD))
#9 C:\xampp\htdocs\Ci4_project\system\CodeIgniter.php(351): CodeIgniter\CodeIgniter->handleRequest(NULL, Object(Config\Cache), false)
#10 C:\xampp\htdocs\Ci4_project\public\index.php(67): CodeIgniter\CodeIgniter->run()
#11 {main}
CRITICAL - 2022-11-03 21:51:58 --> Call to a member function getResult() on bool
in SYSTEMPATH\Model.php on line 224.
 1 SYSTEMPATH\BaseModel.php(585): CodeIgniter\Model->doFindAll(0, 0)
 2 APPPATH\Controllers\UserCRUD.php(14): CodeIgniter\BaseModel->findAll()
 3 SYSTEMPATH\CodeIgniter.php(927): App\Controllers\UserCRUD->index()
 4 SYSTEMPATH\CodeIgniter.php(482): CodeIgniter\CodeIgniter->runController(Object(App\Controllers\UserCRUD))
 5 SYSTEMPATH\CodeIgniter.php(351): CodeIgniter\CodeIgniter->handleRequest(null, Object(Config\Cache), false)
 6 FCPATH\index.php(67): CodeIgniter\CodeIgniter->run()
ERROR - 2022-11-03 21:51:59 --> mysqli_sql_exception: Table 'codeigniter4_db.us' doesn't exist in C:\xampp\htdocs\Ci4_project\system\Database\MySQLi\Connection.php:292
Stack trace:
#0 C:\xampp\htdocs\Ci4_project\system\Database\MySQLi\Connection.php(292): mysqli->query('SELECT *\nFROM `...', 0)
#1 C:\xampp\htdocs\Ci4_project\system\Database\BaseConnection.php(666): CodeIgniter\Database\MySQLi\Connection->execute('SELECT *\nFROM `...')
#2 C:\xampp\htdocs\Ci4_project\system\Database\BaseConnection.php(593): CodeIgniter\Database\BaseConnection->simpleQuery('SELECT *\nFROM `...')
#3 C:\xampp\htdocs\Ci4_project\system\Database\BaseBuilder.php(1585): CodeIgniter\Database\BaseConnection->query('SELECT *\nFROM `...', Array, false)
#4 C:\xampp\htdocs\Ci4_project\system\Model.php(223): CodeIgniter\Database\BaseBuilder->get()
#5 C:\xampp\htdocs\Ci4_project\system\BaseModel.php(585): CodeIgniter\Model->doFindAll(0, 0)
#6 C:\xampp\htdocs\Ci4_project\app\Controllers\UserCRUD.php(14): CodeIgniter\BaseModel->findAll()
#7 C:\xampp\htdocs\Ci4_project\system\CodeIgniter.php(927): App\Controllers\UserCRUD->index()
#8 C:\xampp\htdocs\Ci4_project\system\CodeIgniter.php(482): CodeIgniter\CodeIgniter->runController(Object(App\Controllers\UserCRUD))
#9 C:\xampp\htdocs\Ci4_project\system\CodeIgniter.php(351): CodeIgniter\CodeIgniter->handleRequest(NULL, Object(Config\Cache), false)
#10 C:\xampp\htdocs\Ci4_project\public\index.php(67): CodeIgniter\CodeIgniter->run()
#11 {main}
CRITICAL - 2022-11-03 21:51:59 --> Call to a member function getResult() on bool
in SYSTEMPATH\Model.php on line 224.
 1 SYSTEMPATH\BaseModel.php(585): CodeIgniter\Model->doFindAll(0, 0)
 2 APPPATH\Controllers\UserCRUD.php(14): CodeIgniter\BaseModel->findAll()
 3 SYSTEMPATH\CodeIgniter.php(927): App\Controllers\UserCRUD->index()
 4 SYSTEMPATH\CodeIgniter.php(482): CodeIgniter\CodeIgniter->runController(Object(App\Controllers\UserCRUD))
 5 SYSTEMPATH\CodeIgniter.php(351): CodeIgniter\CodeIgniter->handleRequest(null, Object(Config\Cache), false)
 6 FCPATH\index.php(67): CodeIgniter\CodeIgniter->run()
ERROR - 2022-11-03 21:51:59 --> mysqli_sql_exception: Table 'codeigniter4_db.us' doesn't exist in C:\xampp\htdocs\Ci4_project\system\Database\MySQLi\Connection.php:292
Stack trace:
#0 C:\xampp\htdocs\Ci4_project\system\Database\MySQLi\Connection.php(292): mysqli->query('SELECT *\nFROM `...', 0)
#1 C:\xampp\htdocs\Ci4_project\system\Database\BaseConnection.php(666): CodeIgniter\Database\MySQLi\Connection->execute('SELECT *\nFROM `...')
#2 C:\xampp\htdocs\Ci4_project\system\Database\BaseConnection.php(593): CodeIgniter\Database\BaseConnection->simpleQuery('SELECT *\nFROM `...')
#3 C:\xampp\htdocs\Ci4_project\system\Database\BaseBuilder.php(1585): CodeIgniter\Database\BaseConnection->query('SELECT *\nFROM `...', Array, false)
#4 C:\xampp\htdocs\Ci4_project\system\Model.php(223): CodeIgniter\Database\BaseBuilder->get()
#5 C:\xampp\htdocs\Ci4_project\system\BaseModel.php(585): CodeIgniter\Model->doFindAll(0, 0)
#6 C:\xampp\htdocs\Ci4_project\app\Controllers\UserCRUD.php(14): CodeIgniter\BaseModel->findAll()
#7 C:\xampp\htdocs\Ci4_project\system\CodeIgniter.php(927): App\Controllers\UserCRUD->index()
#8 C:\xampp\htdocs\Ci4_project\system\CodeIgniter.php(482): CodeIgniter\CodeIgniter->runController(Object(App\Controllers\UserCRUD))
#9 C:\xampp\htdocs\Ci4_project\system\CodeIgniter.php(351): CodeIgniter\CodeIgniter->handleRequest(NULL, Object(Config\Cache), false)
#10 C:\xampp\htdocs\Ci4_project\public\index.php(67): CodeIgniter\CodeIgniter->run()
#11 {main}
CRITICAL - 2022-11-03 21:51:59 --> Call to a member function getResult() on bool
in SYSTEMPATH\Model.php on line 224.
 1 SYSTEMPATH\BaseModel.php(585): CodeIgniter\Model->doFindAll(0, 0)
 2 APPPATH\Controllers\UserCRUD.php(14): CodeIgniter\BaseModel->findAll()
 3 SYSTEMPATH\CodeIgniter.php(927): App\Controllers\UserCRUD->index()
 4 SYSTEMPATH\CodeIgniter.php(482): CodeIgniter\CodeIgniter->runController(Object(App\Controllers\UserCRUD))
 5 SYSTEMPATH\CodeIgniter.php(351): CodeIgniter\CodeIgniter->handleRequest(null, Object(Config\Cache), false)
 6 FCPATH\index.php(67): CodeIgniter\CodeIgniter->run()
ERROR - 2022-11-03 21:51:59 --> mysqli_sql_exception: Table 'codeigniter4_db.us' doesn't exist in C:\xampp\htdocs\Ci4_project\system\Database\MySQLi\Connection.php:292
Stack trace:
#0 C:\xampp\htdocs\Ci4_project\system\Database\MySQLi\Connection.php(292): mysqli->query('SELECT *\nFROM `...', 0)
#1 C:\xampp\htdocs\Ci4_project\system\Database\BaseConnection.php(666): CodeIgniter\Database\MySQLi\Connection->execute('SELECT *\nFROM `...')
#2 C:\xampp\htdocs\Ci4_project\system\Database\BaseConnection.php(593): CodeIgniter\Database\BaseConnection->simpleQuery('SELECT *\nFROM `...')
#3 C:\xampp\htdocs\Ci4_project\system\Database\BaseBuilder.php(1585): CodeIgniter\Database\BaseConnection->query('SELECT *\nFROM `...', Array, false)
#4 C:\xampp\htdocs\Ci4_project\system\Model.php(223): CodeIgniter\Database\BaseBuilder->get()
#5 C:\xampp\htdocs\Ci4_project\system\BaseModel.php(585): CodeIgniter\Model->doFindAll(0, 0)
#6 C:\xampp\htdocs\Ci4_project\app\Controllers\UserCRUD.php(14): CodeIgniter\BaseModel->findAll()
#7 C:\xampp\htdocs\Ci4_project\system\CodeIgniter.php(927): App\Controllers\UserCRUD->index()
#8 C:\xampp\htdocs\Ci4_project\system\CodeIgniter.php(482): CodeIgniter\CodeIgniter->runController(Object(App\Controllers\UserCRUD))
#9 C:\xampp\htdocs\Ci4_project\system\CodeIgniter.php(351): CodeIgniter\CodeIgniter->handleRequest(NULL, Object(Config\Cache), false)
#10 C:\xampp\htdocs\Ci4_project\public\index.php(67): CodeIgniter\CodeIgniter->run()
#11 {main}
CRITICAL - 2022-11-03 21:51:59 --> Call to a member function getResult() on bool
in SYSTEMPATH\Model.php on line 224.
 1 SYSTEMPATH\BaseModel.php(585): CodeIgniter\Model->doFindAll(0, 0)
 2 APPPATH\Controllers\UserCRUD.php(14): CodeIgniter\BaseModel->findAll()
 3 SYSTEMPATH\CodeIgniter.php(927): App\Controllers\UserCRUD->index()
 4 SYSTEMPATH\CodeIgniter.php(482): CodeIgniter\CodeIgniter->runController(Object(App\Controllers\UserCRUD))
 5 SYSTEMPATH\CodeIgniter.php(351): CodeIgniter\CodeIgniter->handleRequest(null, Object(Config\Cache), false)
 6 FCPATH\index.php(67): CodeIgniter\CodeIgniter->run()
ERROR - 2022-11-03 21:51:59 --> mysqli_sql_exception: Table 'codeigniter4_db.us' doesn't exist in C:\xampp\htdocs\Ci4_project\system\Database\MySQLi\Connection.php:292
Stack trace:
#0 C:\xampp\htdocs\Ci4_project\system\Database\MySQLi\Connection.php(292): mysqli->query('SELECT *\nFROM `...', 0)
#1 C:\xampp\htdocs\Ci4_project\system\Database\BaseConnection.php(666): CodeIgniter\Database\MySQLi\Connection->execute('SELECT *\nFROM `...')
#2 C:\xampp\htdocs\Ci4_project\system\Database\BaseConnection.php(593): CodeIgniter\Database\BaseConnection->simpleQuery('SELECT *\nFROM `...')
#3 C:\xampp\htdocs\Ci4_project\system\Database\BaseBuilder.php(1585): CodeIgniter\Database\BaseConnection->query('SELECT *\nFROM `...', Array, false)
#4 C:\xampp\htdocs\Ci4_project\system\Model.php(223): CodeIgniter\Database\BaseBuilder->get()
#5 C:\xampp\htdocs\Ci4_project\system\BaseModel.php(585): CodeIgniter\Model->doFindAll(0, 0)
#6 C:\xampp\htdocs\Ci4_project\app\Controllers\UserCRUD.php(14): CodeIgniter\BaseModel->findAll()
#7 C:\xampp\htdocs\Ci4_project\system\CodeIgniter.php(927): App\Controllers\UserCRUD->index()
#8 C:\xampp\htdocs\Ci4_project\system\CodeIgniter.php(482): CodeIgniter\CodeIgniter->runController(Object(App\Controllers\UserCRUD))
#9 C:\xampp\htdocs\Ci4_project\system\CodeIgniter.php(351): CodeIgniter\CodeIgniter->handleRequest(NULL, Object(Config\Cache), false)
#10 C:\xampp\htdocs\Ci4_project\public\index.php(67): CodeIgniter\CodeIgniter->run()
#11 {main}
CRITICAL - 2022-11-03 21:51:59 --> Call to a member function getResult() on bool
in SYSTEMPATH\Model.php on line 224.
 1 SYSTEMPATH\BaseModel.php(585): CodeIgniter\Model->doFindAll(0, 0)
 2 APPPATH\Controllers\UserCRUD.php(14): CodeIgniter\BaseModel->findAll()
 3 SYSTEMPATH\CodeIgniter.php(927): App\Controllers\UserCRUD->index()
 4 SYSTEMPATH\CodeIgniter.php(482): CodeIgniter\CodeIgniter->runController(Object(App\Controllers\UserCRUD))
 5 SYSTEMPATH\CodeIgniter.php(351): CodeIgniter\CodeIgniter->handleRequest(null, Object(Config\Cache), false)
 6 FCPATH\index.php(67): CodeIgniter\CodeIgniter->run()
ERROR - 2022-11-03 21:52:00 --> mysqli_sql_exception: Table 'codeigniter4_db.us' doesn't exist in C:\xampp\htdocs\Ci4_project\system\Database\MySQLi\Connection.php:292
Stack trace:
#0 C:\xampp\htdocs\Ci4_project\system\Database\MySQLi\Connection.php(292): mysqli->query('SELECT *\nFROM `...', 0)
#1 C:\xampp\htdocs\Ci4_project\system\Database\BaseConnection.php(666): CodeIgniter\Database\MySQLi\Connection->execute('SELECT *\nFROM `...')
#2 C:\xampp\htdocs\Ci4_project\system\Database\BaseConnection.php(593): CodeIgniter\Database\BaseConnection->simpleQuery('SELECT *\nFROM `...')
#3 C:\xampp\htdocs\Ci4_project\system\Database\BaseBuilder.php(1585): CodeIgniter\Database\BaseConnection->query('SELECT *\nFROM `...', Array, false)
#4 C:\xampp\htdocs\Ci4_project\system\Model.php(223): CodeIgniter\Database\BaseBuilder->get()
#5 C:\xampp\htdocs\Ci4_project\system\BaseModel.php(585): CodeIgniter\Model->doFindAll(0, 0)
#6 C:\xampp\htdocs\Ci4_project\app\Controllers\UserCRUD.php(14): CodeIgniter\BaseModel->findAll()
#7 C:\xampp\htdocs\Ci4_project\system\CodeIgniter.php(927): App\Controllers\UserCRUD->index()
#8 C:\xampp\htdocs\Ci4_project\system\CodeIgniter.php(482): CodeIgniter\CodeIgniter->runController(Object(App\Controllers\UserCRUD))
#9 C:\xampp\htdocs\Ci4_project\system\CodeIgniter.php(351): CodeIgniter\CodeIgniter->handleRequest(NULL, Object(Config\Cache), false)
#10 C:\xampp\htdocs\Ci4_project\public\index.php(67): CodeIgniter\CodeIgniter->run()
#11 {main}
CRITICAL - 2022-11-03 21:52:00 --> Call to a member function getResult() on bool
in SYSTEMPATH\Model.php on line 224.
 1 SYSTEMPATH\BaseModel.php(585): CodeIgniter\Model->doFindAll(0, 0)
 2 APPPATH\Controllers\UserCRUD.php(14): CodeIgniter\BaseModel->findAll()
 3 SYSTEMPATH\CodeIgniter.php(927): App\Controllers\UserCRUD->index()
 4 SYSTEMPATH\CodeIgniter.php(482): CodeIgniter\CodeIgniter->runController(Object(App\Controllers\UserCRUD))
 5 SYSTEMPATH\CodeIgniter.php(351): CodeIgniter\CodeIgniter->handleRequest(null, Object(Config\Cache), false)
 6 FCPATH\index.php(67): CodeIgniter\CodeIgniter->run()
ERROR - 2022-11-03 21:55:54 --> mysqli_sql_exception: Table 'codeigniter4_db.us' doesn't exist in C:\xampp\htdocs\Ci4_project\system\Database\MySQLi\Connection.php:292
Stack trace:
#0 C:\xampp\htdocs\Ci4_project\system\Database\MySQLi\Connection.php(292): mysqli->query('SELECT *\nFROM `...', 0)
#1 C:\xampp\htdocs\Ci4_project\system\Database\BaseConnection.php(666): CodeIgniter\Database\MySQLi\Connection->execute('SELECT *\nFROM `...')
#2 C:\xampp\htdocs\Ci4_project\system\Database\BaseConnection.php(593): CodeIgniter\Database\BaseConnection->simpleQuery('SELECT *\nFROM `...')
#3 C:\xampp\htdocs\Ci4_project\system\Database\BaseBuilder.php(1585): CodeIgniter\Database\BaseConnection->query('SELECT *\nFROM `...', Array, false)
#4 C:\xampp\htdocs\Ci4_project\system\Model.php(223): CodeIgniter\Database\BaseBuilder->get()
#5 C:\xampp\htdocs\Ci4_project\system\BaseModel.php(585): CodeIgniter\Model->doFindAll(0, 0)
#6 C:\xampp\htdocs\Ci4_project\app\Controllers\UserCRUD.php(14): CodeIgniter\BaseModel->findAll()
#7 C:\xampp\htdocs\Ci4_project\system\CodeIgniter.php(927): App\Controllers\UserCRUD->index()
#8 C:\xampp\htdocs\Ci4_project\system\CodeIgniter.php(482): CodeIgniter\CodeIgniter->runController(Object(App\Controllers\UserCRUD))
#9 C:\xampp\htdocs\Ci4_project\system\CodeIgniter.php(351): CodeIgniter\CodeIgniter->handleRequest(NULL, Object(Config\Cache), false)
#10 C:\xampp\htdocs\Ci4_project\public\index.php(67): CodeIgniter\CodeIgniter->run()
#11 C:\xampp\htdocs\Ci4_project\system\Commands\Server\rewrite.php(46): require_once('C:\\xampp\\htdocs...')
#12 {main}
CRITICAL - 2022-11-03 21:55:54 --> Call to a member function getResult() on bool
in SYSTEMPATH\Model.php on line 224.
 1 SYSTEMPATH\BaseModel.php(585): CodeIgniter\Model->doFindAll(0, 0)
 2 APPPATH\Controllers\UserCRUD.php(14): CodeIgniter\BaseModel->findAll()
 3 SYSTEMPATH\CodeIgniter.php(927): App\Controllers\UserCRUD->index()
 4 SYSTEMPATH\CodeIgniter.php(482): CodeIgniter\CodeIgniter->runController(Object(App\Controllers\UserCRUD))
 5 SYSTEMPATH\CodeIgniter.php(351): CodeIgniter\CodeIgniter->handleRequest(null, Object(Config\Cache), false)
 6 FCPATH\index.php(67): CodeIgniter\CodeIgniter->run()
 7 SYSTEMPATH\Commands\Server\rewrite.php(46): require_once('FCPATH\\index.php')
ERROR - 2022-11-03 21:57:54 --> mysqli_sql_exception: Table 'codeigniter4_db.us' doesn't exist in C:\xampp\htdocs\Ci4_project\system\Database\MySQLi\Connection.php:292
Stack trace:
#0 C:\xampp\htdocs\Ci4_project\system\Database\MySQLi\Connection.php(292): mysqli->query('SELECT *\nFROM `...', 0)
#1 C:\xampp\htdocs\Ci4_project\system\Database\BaseConnection.php(666): CodeIgniter\Database\MySQLi\Connection->execute('SELECT *\nFROM `...')
#2 C:\xampp\htdocs\Ci4_project\system\Database\BaseConnection.php(593): CodeIgniter\Database\BaseConnection->simpleQuery('SELECT *\nFROM `...')
#3 C:\xampp\htdocs\Ci4_project\system\Database\BaseBuilder.php(1585): CodeIgniter\Database\BaseConnection->query('SELECT *\nFROM `...', Array, false)
#4 C:\xampp\htdocs\Ci4_project\system\Model.php(223): CodeIgniter\Database\BaseBuilder->get()
#5 C:\xampp\htdocs\Ci4_project\system\BaseModel.php(585): CodeIgniter\Model->doFindAll(0, 0)
#6 C:\xampp\htdocs\Ci4_project\app\Controllers\UserCRUD.php(14): CodeIgniter\BaseModel->findAll()
#7 C:\xampp\htdocs\Ci4_project\system\CodeIgniter.php(927): App\Controllers\UserCRUD->index()
#8 C:\xampp\htdocs\Ci4_project\system\CodeIgniter.php(482): CodeIgniter\CodeIgniter->runController(Object(App\Controllers\UserCRUD))
#9 C:\xampp\htdocs\Ci4_project\system\CodeIgniter.php(351): CodeIgniter\CodeIgniter->handleRequest(NULL, Object(Config\Cache), false)
#10 C:\xampp\htdocs\Ci4_project\public\index.php(67): CodeIgniter\CodeIgniter->run()
#11 C:\xampp\htdocs\Ci4_project\system\Commands\Server\rewrite.php(46): require_once('C:\\xampp\\htdocs...')
#12 {main}
CRITICAL - 2022-11-03 21:57:54 --> Call to a member function getResult() on bool
in SYSTEMPATH\Model.php on line 224.
 1 SYSTEMPATH\BaseModel.php(585): CodeIgniter\Model->doFindAll(0, 0)
 2 APPPATH\Controllers\UserCRUD.php(14): CodeIgniter\BaseModel->findAll()
 3 SYSTEMPATH\CodeIgniter.php(927): App\Controllers\UserCRUD->index()
 4 SYSTEMPATH\CodeIgniter.php(482): CodeIgniter\CodeIgniter->runController(Object(App\Controllers\UserCRUD))
 5 SYSTEMPATH\CodeIgniter.php(351): CodeIgniter\CodeIgniter->handleRequest(null, Object(Config\Cache), false)
 6 FCPATH\index.php(67): CodeIgniter\CodeIgniter->run()
 7 SYSTEMPATH\Commands\Server\rewrite.php(46): require_once('FCPATH\\index.php')
ERROR - 2022-11-03 21:57:54 --> mysqli_sql_exception: Table 'codeigniter4_db.us' doesn't exist in C:\xampp\htdocs\Ci4_project\system\Database\MySQLi\Connection.php:292
Stack trace:
#0 C:\xampp\htdocs\Ci4_project\system\Database\MySQLi\Connection.php(292): mysqli->query('SELECT *\nFROM `...', 0)
#1 C:\xampp\htdocs\Ci4_project\system\Database\BaseConnection.php(666): CodeIgniter\Database\MySQLi\Connection->execute('SELECT *\nFROM `...')
#2 C:\xampp\htdocs\Ci4_project\system\Database\BaseConnection.php(593): CodeIgniter\Database\BaseConnection->simpleQuery('SELECT *\nFROM `...')
#3 C:\xampp\htdocs\Ci4_project\system\Database\BaseBuilder.php(1585): CodeIgniter\Database\BaseConnection->query('SELECT *\nFROM `...', Array, false)
#4 C:\xampp\htdocs\Ci4_project\system\Model.php(223): CodeIgniter\Database\BaseBuilder->get()
#5 C:\xampp\htdocs\Ci4_project\system\BaseModel.php(585): CodeIgniter\Model->doFindAll(0, 0)
#6 C:\xampp\htdocs\Ci4_project\app\Controllers\UserCRUD.php(14): CodeIgniter\BaseModel->findAll()
#7 C:\xampp\htdocs\Ci4_project\system\CodeIgniter.php(927): App\Controllers\UserCRUD->index()
#8 C:\xampp\htdocs\Ci4_project\system\CodeIgniter.php(482): CodeIgniter\CodeIgniter->runController(Object(App\Controllers\UserCRUD))
#9 C:\xampp\htdocs\Ci4_project\system\CodeIgniter.php(351): CodeIgniter\CodeIgniter->handleRequest(NULL, Object(Config\Cache), false)
#10 C:\xampp\htdocs\Ci4_project\public\index.php(67): CodeIgniter\CodeIgniter->run()
#11 C:\xampp\htdocs\Ci4_project\system\Commands\Server\rewrite.php(46): require_once('C:\\xampp\\htdocs...')
#12 {main}
CRITICAL - 2022-11-03 21:57:54 --> Call to a member function getResult() on bool
in SYSTEMPATH\Model.php on line 224.
 1 SYSTEMPATH\BaseModel.php(585): CodeIgniter\Model->doFindAll(0, 0)
 2 APPPATH\Controllers\UserCRUD.php(14): CodeIgniter\BaseModel->findAll()
 3 SYSTEMPATH\CodeIgniter.php(927): App\Controllers\UserCRUD->index()
 4 SYSTEMPATH\CodeIgniter.php(482): CodeIgniter\CodeIgniter->runController(Object(App\Controllers\UserCRUD))
 5 SYSTEMPATH\CodeIgniter.php(351): CodeIgniter\CodeIgniter->handleRequest(null, Object(Config\Cache), false)
 6 FCPATH\index.php(67): CodeIgniter\CodeIgniter->run()
 7 SYSTEMPATH\Commands\Server\rewrite.php(46): require_once('FCPATH\\index.php')
ERROR - 2022-11-03 21:57:55 --> mysqli_sql_exception: Table 'codeigniter4_db.us' doesn't exist in C:\xampp\htdocs\Ci4_project\system\Database\MySQLi\Connection.php:292
Stack trace:
#0 C:\xampp\htdocs\Ci4_project\system\Database\MySQLi\Connection.php(292): mysqli->query('SELECT *\nFROM `...', 0)
#1 C:\xampp\htdocs\Ci4_project\system\Database\BaseConnection.php(666): CodeIgniter\Database\MySQLi\Connection->execute('SELECT *\nFROM `...')
#2 C:\xampp\htdocs\Ci4_project\system\Database\BaseConnection.php(593): CodeIgniter\Database\BaseConnection->simpleQuery('SELECT *\nFROM `...')
#3 C:\xampp\htdocs\Ci4_project\system\Database\BaseBuilder.php(1585): CodeIgniter\Database\BaseConnection->query('SELECT *\nFROM `...', Array, false)
#4 C:\xampp\htdocs\Ci4_project\system\Model.php(223): CodeIgniter\Database\BaseBuilder->get()
#5 C:\xampp\htdocs\Ci4_project\system\BaseModel.php(585): CodeIgniter\Model->doFindAll(0, 0)
#6 C:\xampp\htdocs\Ci4_project\app\Controllers\UserCRUD.php(14): CodeIgniter\BaseModel->findAll()
#7 C:\xampp\htdocs\Ci4_project\system\CodeIgniter.php(927): App\Controllers\UserCRUD->index()
#8 C:\xampp\htdocs\Ci4_project\system\CodeIgniter.php(482): CodeIgniter\CodeIgniter->runController(Object(App\Controllers\UserCRUD))
#9 C:\xampp\htdocs\Ci4_project\system\CodeIgniter.php(351): CodeIgniter\CodeIgniter->handleRequest(NULL, Object(Config\Cache), false)
#10 C:\xampp\htdocs\Ci4_project\public\index.php(67): CodeIgniter\CodeIgniter->run()
#11 C:\xampp\htdocs\Ci4_project\system\Commands\Server\rewrite.php(46): require_once('C:\\xampp\\htdocs...')
#12 {main}
CRITICAL - 2022-11-03 21:57:55 --> Call to a member function getResult() on bool
in SYSTEMPATH\Model.php on line 224.
 1 SYSTEMPATH\BaseModel.php(585): CodeIgniter\Model->doFindAll(0, 0)
 2 APPPATH\Controllers\UserCRUD.php(14): CodeIgniter\BaseModel->findAll()
 3 SYSTEMPATH\CodeIgniter.php(927): App\Controllers\UserCRUD->index()
 4 SYSTEMPATH\CodeIgniter.php(482): CodeIgniter\CodeIgniter->runController(Object(App\Controllers\UserCRUD))
 5 SYSTEMPATH\CodeIgniter.php(351): CodeIgniter\CodeIgniter->handleRequest(null, Object(Config\Cache), false)
 6 FCPATH\index.php(67): CodeIgniter\CodeIgniter->run()
 7 SYSTEMPATH\Commands\Server\rewrite.php(46): require_once('FCPATH\\index.php')
ERROR - 2022-11-03 21:57:55 --> mysqli_sql_exception: Table 'codeigniter4_db.us' doesn't exist in C:\xampp\htdocs\Ci4_project\system\Database\MySQLi\Connection.php:292
Stack trace:
#0 C:\xampp\htdocs\Ci4_project\system\Database\MySQLi\Connection.php(292): mysqli->query('SELECT *\nFROM `...', 0)
#1 C:\xampp\htdocs\Ci4_project\system\Database\BaseConnection.php(666): CodeIgniter\Database\MySQLi\Connection->execute('SELECT *\nFROM `...')
#2 C:\xampp\htdocs\Ci4_project\system\Database\BaseConnection.php(593): CodeIgniter\Database\BaseConnection->simpleQuery('SELECT *\nFROM `...')
#3 C:\xampp\htdocs\Ci4_project\system\Database\BaseBuilder.php(1585): CodeIgniter\Database\BaseConnection->query('SELECT *\nFROM `...', Array, false)
#4 C:\xampp\htdocs\Ci4_project\system\Model.php(223): CodeIgniter\Database\BaseBuilder->get()
#5 C:\xampp\htdocs\Ci4_project\system\BaseModel.php(585): CodeIgniter\Model->doFindAll(0, 0)
#6 C:\xampp\htdocs\Ci4_project\app\Controllers\UserCRUD.php(14): CodeIgniter\BaseModel->findAll()
#7 C:\xampp\htdocs\Ci4_project\system\CodeIgniter.php(927): App\Controllers\UserCRUD->index()
#8 C:\xampp\htdocs\Ci4_project\system\CodeIgniter.php(482): CodeIgniter\CodeIgniter->runController(Object(App\Controllers\UserCRUD))
#9 C:\xampp\htdocs\Ci4_project\system\CodeIgniter.php(351): CodeIgniter\CodeIgniter->handleRequest(NULL, Object(Config\Cache), false)
#10 C:\xampp\htdocs\Ci4_project\public\index.php(67): CodeIgniter\CodeIgniter->run()
#11 C:\xampp\htdocs\Ci4_project\system\Commands\Server\rewrite.php(46): require_once('C:\\xampp\\htdocs...')
#12 {main}
CRITICAL - 2022-11-03 21:57:55 --> Call to a member function getResult() on bool
in SYSTEMPATH\Model.php on line 224.
 1 SYSTEMPATH\BaseModel.php(585): CodeIgniter\Model->doFindAll(0, 0)
 2 APPPATH\Controllers\UserCRUD.php(14): CodeIgniter\BaseModel->findAll()
 3 SYSTEMPATH\CodeIgniter.php(927): App\Controllers\UserCRUD->index()
 4 SYSTEMPATH\CodeIgniter.php(482): CodeIgniter\CodeIgniter->runController(Object(App\Controllers\UserCRUD))
 5 SYSTEMPATH\CodeIgniter.php(351): CodeIgniter\CodeIgniter->handleRequest(null, Object(Config\Cache), false)
 6 FCPATH\index.php(67): CodeIgniter\CodeIgniter->run()
 7 SYSTEMPATH\Commands\Server\rewrite.php(46): require_once('FCPATH\\index.php')
ERROR - 2022-11-03 21:57:55 --> mysqli_sql_exception: Table 'codeigniter4_db.us' doesn't exist in C:\xampp\htdocs\Ci4_project\system\Database\MySQLi\Connection.php:292
Stack trace:
#0 C:\xampp\htdocs\Ci4_project\system\Database\MySQLi\Connection.php(292): mysqli->query('SELECT *\nFROM `...', 0)
#1 C:\xampp\htdocs\Ci4_project\system\Database\BaseConnection.php(666): CodeIgniter\Database\MySQLi\Connection->execute('SELECT *\nFROM `...')
#2 C:\xampp\htdocs\Ci4_project\system\Database\BaseConnection.php(593): CodeIgniter\Database\BaseConnection->simpleQuery('SELECT *\nFROM `...')
#3 C:\xampp\htdocs\Ci4_project\system\Database\BaseBuilder.php(1585): CodeIgniter\Database\BaseConnection->query('SELECT *\nFROM `...', Array, false)
#4 C:\xampp\htdocs\Ci4_project\system\Model.php(223): CodeIgniter\Database\BaseBuilder->get()
#5 C:\xampp\htdocs\Ci4_project\system\BaseModel.php(585): CodeIgniter\Model->doFindAll(0, 0)
#6 C:\xampp\htdocs\Ci4_project\app\Controllers\UserCRUD.php(14): CodeIgniter\BaseModel->findAll()
#7 C:\xampp\htdocs\Ci4_project\system\CodeIgniter.php(927): App\Controllers\UserCRUD->index()
#8 C:\xampp\htdocs\Ci4_project\system\CodeIgniter.php(482): CodeIgniter\CodeIgniter->runController(Object(App\Controllers\UserCRUD))
#9 C:\xampp\htdocs\Ci4_project\system\CodeIgniter.php(351): CodeIgniter\CodeIgniter->handleRequest(NULL, Object(Config\Cache), false)
#10 C:\xampp\htdocs\Ci4_project\public\index.php(67): CodeIgniter\CodeIgniter->run()
#11 C:\xampp\htdocs\Ci4_project\system\Commands\Server\rewrite.php(46): require_once('C:\\xampp\\htdocs...')
#12 {main}
CRITICAL - 2022-11-03 21:57:55 --> Call to a member function getResult() on bool
in SYSTEMPATH\Model.php on line 224.
 1 SYSTEMPATH\BaseModel.php(585): CodeIgniter\Model->doFindAll(0, 0)
 2 APPPATH\Controllers\UserCRUD.php(14): CodeIgniter\BaseModel->findAll()
 3 SYSTEMPATH\CodeIgniter.php(927): App\Controllers\UserCRUD->index()
 4 SYSTEMPATH\CodeIgniter.php(482): CodeIgniter\CodeIgniter->runController(Object(App\Controllers\UserCRUD))
 5 SYSTEMPATH\CodeIgniter.php(351): CodeIgniter\CodeIgniter->handleRequest(null, Object(Config\Cache), false)
 6 FCPATH\index.php(67): CodeIgniter\CodeIgniter->run()
 7 SYSTEMPATH\Commands\Server\rewrite.php(46): require_once('FCPATH\\index.php')
ERROR - 2022-11-03 21:58:04 --> mysqli_sql_exception: Table 'codeigniter4_db.us' doesn't exist in C:\xampp\htdocs\Ci4_project\system\Database\MySQLi\Connection.php:292
Stack trace:
#0 C:\xampp\htdocs\Ci4_project\system\Database\MySQLi\Connection.php(292): mysqli->query('SELECT *\nFROM `...', 0)
#1 C:\xampp\htdocs\Ci4_project\system\Database\BaseConnection.php(666): CodeIgniter\Database\MySQLi\Connection->execute('SELECT *\nFROM `...')
#2 C:\xampp\htdocs\Ci4_project\system\Database\BaseConnection.php(593): CodeIgniter\Database\BaseConnection->simpleQuery('SELECT *\nFROM `...')
#3 C:\xampp\htdocs\Ci4_project\system\Database\BaseBuilder.php(1585): CodeIgniter\Database\BaseConnection->query('SELECT *\nFROM `...', Array, false)
#4 C:\xampp\htdocs\Ci4_project\system\Model.php(223): CodeIgniter\Database\BaseBuilder->get()
#5 C:\xampp\htdocs\Ci4_project\system\BaseModel.php(585): CodeIgniter\Model->doFindAll(0, 0)
#6 C:\xampp\htdocs\Ci4_project\app\Controllers\UserCRUD.php(14): CodeIgniter\BaseModel->findAll()
#7 C:\xampp\htdocs\Ci4_project\system\CodeIgniter.php(927): App\Controllers\UserCRUD->index()
#8 C:\xampp\htdocs\Ci4_project\system\CodeIgniter.php(482): CodeIgniter\CodeIgniter->runController(Object(App\Controllers\UserCRUD))
#9 C:\xampp\htdocs\Ci4_project\system\CodeIgniter.php(351): CodeIgniter\CodeIgniter->handleRequest(NULL, Object(Config\Cache), false)
#10 C:\xampp\htdocs\Ci4_project\public\index.php(67): CodeIgniter\CodeIgniter->run()
#11 {main}
CRITICAL - 2022-11-03 21:58:04 --> Call to a member function getResult() on bool
in SYSTEMPATH\Model.php on line 224.
 1 SYSTEMPATH\BaseModel.php(585): CodeIgniter\Model->doFindAll(0, 0)
 2 APPPATH\Controllers\UserCRUD.php(14): CodeIgniter\BaseModel->findAll()
 3 SYSTEMPATH\CodeIgniter.php(927): App\Controllers\UserCRUD->index()
 4 SYSTEMPATH\CodeIgniter.php(482): CodeIgniter\CodeIgniter->runController(Object(App\Controllers\UserCRUD))
 5 SYSTEMPATH\CodeIgniter.php(351): CodeIgniter\CodeIgniter->handleRequest(null, Object(Config\Cache), false)
 6 FCPATH\index.php(67): CodeIgniter\CodeIgniter->run()
ERROR - 2022-11-03 21:59:53 --> mysqli_sql_exception: Table 'codeigniter4_db.us' doesn't exist in C:\xampp\htdocs\Ci4_project\system\Database\MySQLi\Connection.php:292
Stack trace:
#0 C:\xampp\htdocs\Ci4_project\system\Database\MySQLi\Connection.php(292): mysqli->query('SELECT *\nFROM `...', 0)
#1 C:\xampp\htdocs\Ci4_project\system\Database\BaseConnection.php(666): CodeIgniter\Database\MySQLi\Connection->execute('SELECT *\nFROM `...')
#2 C:\xampp\htdocs\Ci4_project\system\Database\BaseConnection.php(593): CodeIgniter\Database\BaseConnection->simpleQuery('SELECT *\nFROM `...')
#3 C:\xampp\htdocs\Ci4_project\system\Database\BaseBuilder.php(1585): CodeIgniter\Database\BaseConnection->query('SELECT *\nFROM `...', Array, false)
#4 C:\xampp\htdocs\Ci4_project\system\Model.php(223): CodeIgniter\Database\BaseBuilder->get()
#5 C:\xampp\htdocs\Ci4_project\system\BaseModel.php(585): CodeIgniter\Model->doFindAll(0, 0)
#6 C:\xampp\htdocs\Ci4_project\app\Controllers\UserCRUD.php(14): CodeIgniter\BaseModel->findAll()
#7 C:\xampp\htdocs\Ci4_project\system\CodeIgniter.php(927): App\Controllers\UserCRUD->index()
#8 C:\xampp\htdocs\Ci4_project\system\CodeIgniter.php(482): CodeIgniter\CodeIgniter->runController(Object(App\Controllers\UserCRUD))
#9 C:\xampp\htdocs\Ci4_project\system\CodeIgniter.php(351): CodeIgniter\CodeIgniter->handleRequest(NULL, Object(Config\Cache), false)
#10 C:\xampp\htdocs\Ci4_project\public\index.php(67): CodeIgniter\CodeIgniter->run()
#11 C:\xampp\htdocs\Ci4_project\system\Commands\Server\rewrite.php(46): require_once('C:\\xampp\\htdocs...')
#12 {main}
CRITICAL - 2022-11-03 21:59:53 --> Call to a member function getResult() on bool
in SYSTEMPATH\Model.php on line 224.
 1 SYSTEMPATH\BaseModel.php(585): CodeIgniter\Model->doFindAll(0, 0)
 2 APPPATH\Controllers\UserCRUD.php(14): CodeIgniter\BaseModel->findAll()
 3 SYSTEMPATH\CodeIgniter.php(927): App\Controllers\UserCRUD->index()
 4 SYSTEMPATH\CodeIgniter.php(482): CodeIgniter\CodeIgniter->runController(Object(App\Controllers\UserCRUD))
 5 SYSTEMPATH\CodeIgniter.php(351): CodeIgniter\CodeIgniter->handleRequest(null, Object(Config\Cache), false)
 6 FCPATH\index.php(67): CodeIgniter\CodeIgniter->run()
 7 SYSTEMPATH\Commands\Server\rewrite.php(46): require_once('FCPATH\\index.php')
CRITICAL - 2022-11-03 22:01:41 --> Invalid file: crud_view.php
in SYSTEMPATH\Exceptions\FrameworkException.php on line 33.
 1 SYSTEMPATH\View\View.php(201): CodeIgniter\Exceptions\FrameworkException::forInvalidFile('crud_view.php')
 2 SYSTEMPATH\Common.php(1134): CodeIgniter\View\View->render('crud_view', [], true)
 3 APPPATH\Controllers\UserCRUD.php(15): view('crud_view', [...])
 4 SYSTEMPATH\CodeIgniter.php(927): App\Controllers\UserCRUD->index()
 5 SYSTEMPATH\CodeIgniter.php(482): CodeIgniter\CodeIgniter->runController(Object(App\Controllers\UserCRUD))
 6 SYSTEMPATH\CodeIgniter.php(351): CodeIgniter\CodeIgniter->handleRequest(null, Object(Config\Cache), false)
 7 FCPATH\index.php(67): CodeIgniter\CodeIgniter->run()
 8 SYSTEMPATH\Commands\Server\rewrite.php(46): require_once('FCPATH\\index.php')
CRITICAL - 2022-11-03 22:01:42 --> Invalid file: crud_view.php
in SYSTEMPATH\Exceptions\FrameworkException.php on line 33.
 1 SYSTEMPATH\View\View.php(201): CodeIgniter\Exceptions\FrameworkException::forInvalidFile('crud_view.php')
 2 SYSTEMPATH\Common.php(1134): CodeIgniter\View\View->render('crud_view', [], true)
 3 APPPATH\Controllers\UserCRUD.php(15): view('crud_view', [...])
 4 SYSTEMPATH\CodeIgniter.php(927): App\Controllers\UserCRUD->index()
 5 SYSTEMPATH\CodeIgniter.php(482): CodeIgniter\CodeIgniter->runController(Object(App\Controllers\UserCRUD))
 6 SYSTEMPATH\CodeIgniter.php(351): CodeIgniter\CodeIgniter->handleRequest(null, Object(Config\Cache), false)
 7 FCPATH\index.php(67): CodeIgniter\CodeIgniter->run()
 8 SYSTEMPATH\Commands\Server\rewrite.php(46): require_once('FCPATH\\index.php')
CRITICAL - 2022-11-03 22:01:42 --> Invalid file: crud_view.php
in SYSTEMPATH\Exceptions\FrameworkException.php on line 33.
 1 SYSTEMPATH\View\View.php(201): CodeIgniter\Exceptions\FrameworkException::forInvalidFile('crud_view.php')
 2 SYSTEMPATH\Common.php(1134): CodeIgniter\View\View->render('crud_view', [], true)
 3 APPPATH\Controllers\UserCRUD.php(15): view('crud_view', [...])
 4 SYSTEMPATH\CodeIgniter.php(927): App\Controllers\UserCRUD->index()
 5 SYSTEMPATH\CodeIgniter.php(482): CodeIgniter\CodeIgniter->runController(Object(App\Controllers\UserCRUD))
 6 SYSTEMPATH\CodeIgniter.php(351): CodeIgniter\CodeIgniter->handleRequest(null, Object(Config\Cache), false)
 7 FCPATH\index.php(67): CodeIgniter\CodeIgniter->run()
 8 SYSTEMPATH\Commands\Server\rewrite.php(46): require_once('FCPATH\\index.php')
CRITICAL - 2022-11-03 22:01:42 --> Invalid file: crud_view.php
in SYSTEMPATH\Exceptions\FrameworkException.php on line 33.
 1 SYSTEMPATH\View\View.php(201): CodeIgniter\Exceptions\FrameworkException::forInvalidFile('crud_view.php')
 2 SYSTEMPATH\Common.php(1134): CodeIgniter\View\View->render('crud_view', [], true)
 3 APPPATH\Controllers\UserCRUD.php(15): view('crud_view', [...])
 4 SYSTEMPATH\CodeIgniter.php(927): App\Controllers\UserCRUD->index()
 5 SYSTEMPATH\CodeIgniter.php(482): CodeIgniter\CodeIgniter->runController(Object(App\Controllers\UserCRUD))
 6 SYSTEMPATH\CodeIgniter.php(351): CodeIgniter\CodeIgniter->handleRequest(null, Object(Config\Cache), false)
 7 FCPATH\index.php(67): CodeIgniter\CodeIgniter->run()
 8 SYSTEMPATH\Commands\Server\rewrite.php(46): require_once('FCPATH\\index.php')
CRITICAL - 2022-11-03 22:01:42 --> Invalid file: crud_view.php
in SYSTEMPATH\Exceptions\FrameworkException.php on line 33.
 1 SYSTEMPATH\View\View.php(201): CodeIgniter\Exceptions\FrameworkException::forInvalidFile('crud_view.php')
 2 SYSTEMPATH\Common.php(1134): CodeIgniter\View\View->render('crud_view', [], true)
 3 APPPATH\Controllers\UserCRUD.php(15): view('crud_view', [...])
 4 SYSTEMPATH\CodeIgniter.php(927): App\Controllers\UserCRUD->index()
 5 SYSTEMPATH\CodeIgniter.php(482): CodeIgniter\CodeIgniter->runController(Object(App\Controllers\UserCRUD))
 6 SYSTEMPATH\CodeIgniter.php(351): CodeIgniter\CodeIgniter->handleRequest(null, Object(Config\Cache), false)
 7 FCPATH\index.php(67): CodeIgniter\CodeIgniter->run()
 8 SYSTEMPATH\Commands\Server\rewrite.php(46): require_once('FCPATH\\index.php')
CRITICAL - 2022-11-03 22:01:42 --> Invalid file: crud_view.php
in SYSTEMPATH\Exceptions\FrameworkException.php on line 33.
 1 SYSTEMPATH\View\View.php(201): CodeIgniter\Exceptions\FrameworkException::forInvalidFile('crud_view.php')
 2 SYSTEMPATH\Common.php(1134): CodeIgniter\View\View->render('crud_view', [], true)
 3 APPPATH\Controllers\UserCRUD.php(15): view('crud_view', [...])
 4 SYSTEMPATH\CodeIgniter.php(927): App\Controllers\UserCRUD->index()
 5 SYSTEMPATH\CodeIgniter.php(482): CodeIgniter\CodeIgniter->runController(Object(App\Controllers\UserCRUD))
 6 SYSTEMPATH\CodeIgniter.php(351): CodeIgniter\CodeIgniter->handleRequest(null, Object(Config\Cache), false)
 7 FCPATH\index.php(67): CodeIgniter\CodeIgniter->run()
 8 SYSTEMPATH\Commands\Server\rewrite.php(46): require_once('FCPATH\\index.php')
CRITICAL - 2022-11-03 22:01:43 --> Invalid file: crud_view.php
in SYSTEMPATH\Exceptions\FrameworkException.php on line 33.
 1 SYSTEMPATH\View\View.php(201): CodeIgniter\Exceptions\FrameworkException::forInvalidFile('crud_view.php')
 2 SYSTEMPATH\Common.php(1134): CodeIgniter\View\View->render('crud_view', [], true)
 3 APPPATH\Controllers\UserCRUD.php(15): view('crud_view', [...])
 4 SYSTEMPATH\CodeIgniter.php(927): App\Controllers\UserCRUD->index()
 5 SYSTEMPATH\CodeIgniter.php(482): CodeIgniter\CodeIgniter->runController(Object(App\Controllers\UserCRUD))
 6 SYSTEMPATH\CodeIgniter.php(351): CodeIgniter\CodeIgniter->handleRequest(null, Object(Config\Cache), false)
 7 FCPATH\index.php(67): CodeIgniter\CodeIgniter->run()
 8 SYSTEMPATH\Commands\Server\rewrite.php(46): require_once('FCPATH\\index.php')
CRITICAL - 2022-11-03 22:01:46 --> Invalid file: crud_view.php
in SYSTEMPATH\Exceptions\FrameworkException.php on line 33.
 1 SYSTEMPATH\View\View.php(201): CodeIgniter\Exceptions\FrameworkException::forInvalidFile('crud_view.php')
 2 SYSTEMPATH\Common.php(1134): CodeIgniter\View\View->render('crud_view', [], true)
 3 APPPATH\Controllers\UserCRUD.php(15): view('crud_view', [...])
 4 SYSTEMPATH\CodeIgniter.php(927): App\Controllers\UserCRUD->index()
 5 SYSTEMPATH\CodeIgniter.php(482): CodeIgniter\CodeIgniter->runController(Object(App\Controllers\UserCRUD))
 6 SYSTEMPATH\CodeIgniter.php(351): CodeIgniter\CodeIgniter->handleRequest(null, Object(Config\Cache), false)
 7 FCPATH\index.php(67): CodeIgniter\CodeIgniter->run()
 8 SYSTEMPATH\Commands\Server\rewrite.php(46): require_once('FCPATH\\index.php')
CRITICAL - 2022-11-03 22:04:38 --> Invalid file: crud_view.php
in SYSTEMPATH\Exceptions\FrameworkException.php on line 33.
 1 SYSTEMPATH\View\View.php(201): CodeIgniter\Exceptions\FrameworkException::forInvalidFile('crud_view.php')
 2 SYSTEMPATH\Common.php(1134): CodeIgniter\View\View->render('crud_view', [], true)
 3 APPPATH\Controllers\UserCRUD.php(15): view('crud_view', [...])
 4 SYSTEMPATH\CodeIgniter.php(927): App\Controllers\UserCRUD->index()
 5 SYSTEMPATH\CodeIgniter.php(482): CodeIgniter\CodeIgniter->runController(Object(App\Controllers\UserCRUD))
 6 SYSTEMPATH\CodeIgniter.php(351): CodeIgniter\CodeIgniter->handleRequest(null, Object(Config\Cache), false)
 7 FCPATH\index.php(67): CodeIgniter\CodeIgniter->run()
 8 SYSTEMPATH\Commands\Server\rewrite.php(46): require_once('FCPATH\\index.php')
CRITICAL - 2022-11-03 22:05:15 --> Undefined variable $users
in APPPATH\Views\view_user.php on line 25.
 1 APPPATH\Views\view_user.php(25): CodeIgniter\Debug\Exceptions->errorHandler(2, 'Undefined variable $users', 'APPPATH\\Views\\view_user.php', 25)
 2 SYSTEMPATH\View\View.php(213): include('APPPATH\\Views\\view_user.php')
 3 SYSTEMPATH\View\View.php(216): CodeIgniter\View\View->CodeIgniter\View\{closure}()
 4 SYSTEMPATH\Common.php(1134): CodeIgniter\View\View->render('view_user', [], true)
 5 APPPATH\Controllers\UserCRUD.php(15): view('view_user', [...])
 6 SYSTEMPATH\CodeIgniter.php(927): App\Controllers\UserCRUD->index()
 7 SYSTEMPATH\CodeIgniter.php(482): CodeIgniter\CodeIgniter->runController(Object(App\Controllers\UserCRUD))
 8 SYSTEMPATH\CodeIgniter.php(351): CodeIgniter\CodeIgniter->handleRequest(null, Object(Config\Cache), false)
 9 FCPATH\index.php(67): CodeIgniter\CodeIgniter->run()
10 SYSTEMPATH\Commands\Server\rewrite.php(46): require_once('FCPATH\\index.php')
CRITICAL - 2022-11-03 22:06:03 --> Undefined variable $users
in APPPATH\Views\view_user.php on line 25.
 1 APPPATH\Views\view_user.php(25): CodeIgniter\Debug\Exceptions->errorHandler(2, 'Undefined variable $users', 'APPPATH\\Views\\view_user.php', 25)
 2 SYSTEMPATH\View\View.php(213): include('APPPATH\\Views\\view_user.php')
 3 SYSTEMPATH\View\View.php(216): CodeIgniter\View\View->CodeIgniter\View\{closure}()
 4 SYSTEMPATH\Common.php(1134): CodeIgniter\View\View->render('view_user', [], true)
 5 APPPATH\Controllers\UserCRUD.php(15): view('view_user', [...])
 6 SYSTEMPATH\CodeIgniter.php(927): App\Controllers\UserCRUD->index()
 7 SYSTEMPATH\CodeIgniter.php(482): CodeIgniter\CodeIgniter->runController(Object(App\Controllers\UserCRUD))
 8 SYSTEMPATH\CodeIgniter.php(351): CodeIgniter\CodeIgniter->handleRequest(null, Object(Config\Cache), false)
 9 FCPATH\index.php(67): CodeIgniter\CodeIgniter->run()
10 SYSTEMPATH\Commands\Server\rewrite.php(46): require_once('FCPATH\\index.php')
CRITICAL - 2022-11-03 22:06:04 --> Undefined variable $users
in APPPATH\Views\view_user.php on line 25.
 1 APPPATH\Views\view_user.php(25): CodeIgniter\Debug\Exceptions->errorHandler(2, 'Undefined variable $users', 'APPPATH\\Views\\view_user.php', 25)
 2 SYSTEMPATH\View\View.php(213): include('APPPATH\\Views\\view_user.php')
 3 SYSTEMPATH\View\View.php(216): CodeIgniter\View\View->CodeIgniter\View\{closure}()
 4 SYSTEMPATH\Common.php(1134): CodeIgniter\View\View->render('view_user', [], true)
 5 APPPATH\Controllers\UserCRUD.php(15): view('view_user', [...])
 6 SYSTEMPATH\CodeIgniter.php(927): App\Controllers\UserCRUD->index()
 7 SYSTEMPATH\CodeIgniter.php(482): CodeIgniter\CodeIgniter->runController(Object(App\Controllers\UserCRUD))
 8 SYSTEMPATH\CodeIgniter.php(351): CodeIgniter\CodeIgniter->handleRequest(null, Object(Config\Cache), false)
 9 FCPATH\index.php(67): CodeIgniter\CodeIgniter->run()
10 SYSTEMPATH\Commands\Server\rewrite.php(46): require_once('FCPATH\\index.php')
CRITICAL - 2022-11-03 22:06:04 --> Undefined variable $users
in APPPATH\Views\view_user.php on line 25.
 1 APPPATH\Views\view_user.php(25): CodeIgniter\Debug\Exceptions->errorHandler(2, 'Undefined variable $users', 'APPPATH\\Views\\view_user.php', 25)
 2 SYSTEMPATH\View\View.php(213): include('APPPATH\\Views\\view_user.php')
 3 SYSTEMPATH\View\View.php(216): CodeIgniter\View\View->CodeIgniter\View\{closure}()
 4 SYSTEMPATH\Common.php(1134): CodeIgniter\View\View->render('view_user', [], true)
 5 APPPATH\Controllers\UserCRUD.php(15): view('view_user', [...])
 6 SYSTEMPATH\CodeIgniter.php(927): App\Controllers\UserCRUD->index()
 7 SYSTEMPATH\CodeIgniter.php(482): CodeIgniter\CodeIgniter->runController(Object(App\Controllers\UserCRUD))
 8 SYSTEMPATH\CodeIgniter.php(351): CodeIgniter\CodeIgniter->handleRequest(null, Object(Config\Cache), false)
 9 FCPATH\index.php(67): CodeIgniter\CodeIgniter->run()
10 SYSTEMPATH\Commands\Server\rewrite.php(46): require_once('FCPATH\\index.php')
CRITICAL - 2022-11-03 22:06:04 --> Undefined variable $users
in APPPATH\Views\view_user.php on line 25.
 1 APPPATH\Views\view_user.php(25): CodeIgniter\Debug\Exceptions->errorHandler(2, 'Undefined variable $users', 'APPPATH\\Views\\view_user.php', 25)
 2 SYSTEMPATH\View\View.php(213): include('APPPATH\\Views\\view_user.php')
 3 SYSTEMPATH\View\View.php(216): CodeIgniter\View\View->CodeIgniter\View\{closure}()
 4 SYSTEMPATH\Common.php(1134): CodeIgniter\View\View->render('view_user', [], true)
 5 APPPATH\Controllers\UserCRUD.php(15): view('view_user', [...])
 6 SYSTEMPATH\CodeIgniter.php(927): App\Controllers\UserCRUD->index()
 7 SYSTEMPATH\CodeIgniter.php(482): CodeIgniter\CodeIgniter->runController(Object(App\Controllers\UserCRUD))
 8 SYSTEMPATH\CodeIgniter.php(351): CodeIgniter\CodeIgniter->handleRequest(null, Object(Config\Cache), false)
 9 FCPATH\index.php(67): CodeIgniter\CodeIgniter->run()
10 SYSTEMPATH\Commands\Server\rewrite.php(46): require_once('FCPATH\\index.php')
CRITICAL - 2022-11-03 22:27:52 --> Undefined variable $user
in APPPATH\Views\view_edit.php on line 12.
 1 APPPATH\Views\view_edit.php(12): CodeIgniter\Debug\Exceptions->errorHandler(2, 'Undefined variable $user', 'APPPATH\\Views\\view_edit.php', 12)
 2 SYSTEMPATH\View\View.php(213): include('APPPATH\\Views\\view_edit.php')
 3 SYSTEMPATH\View\View.php(216): CodeIgniter\View\View->CodeIgniter\View\{closure}()
 4 SYSTEMPATH\Common.php(1134): CodeIgniter\View\View->render('view_edit', [], true)
 5 APPPATH\Controllers\UserCRUD.php(36): view('view_edit', [...])
 6 SYSTEMPATH\CodeIgniter.php(927): App\Controllers\UserCRUD->edit('1')
 7 SYSTEMPATH\CodeIgniter.php(482): CodeIgniter\CodeIgniter->runController(Object(App\Controllers\UserCRUD))
 8 SYSTEMPATH\CodeIgniter.php(351): CodeIgniter\CodeIgniter->handleRequest(null, Object(Config\Cache), false)
 9 FCPATH\index.php(67): CodeIgniter\CodeIgniter->run()
10 SYSTEMPATH\Commands\Server\rewrite.php(46): require_once('FCPATH\\index.php')
